[debug] [2024-11-29T00:50:22.787Z] ----------------------------------------------------------------------
[debug] [2024-11-29T00:50:22.793Z] Command:       C:\Program Files\nodejs\node.exe C:\Users\DevNoite\AppData\Roaming\npm\node_modules\firebase-tools\lib\bin\firebase.js emulators:start
[debug] [2024-11-29T00:50:22.793Z] CLI Version:   13.27.0
[debug] [2024-11-29T00:50:22.793Z] Platform:      win32
[debug] [2024-11-29T00:50:22.793Z] Node Version:  v20.16.0
[debug] [2024-11-29T00:50:22.794Z] Time:          Thu Nov 28 2024 21:50:22 GMT-0300 (Horário Padrão de Brasília)
[debug] [2024-11-29T00:50:22.794Z] ----------------------------------------------------------------------
[debug] 
[debug] [2024-11-29T00:50:22.933Z] > command requires scopes: ["email","openid","https://www.googleapis.com/auth/cloudplatformprojects.readonly","https://www.googleapis.com/auth/firebase","https://www.googleapis.com/auth/cloud-platform"]
[debug] [2024-11-29T00:50:22.934Z] > authorizing via signed-in user (oliveiramarcelo198@gmail.com)
[info] i  emulators: Starting emulators: functions, extensions {"metadata":{"emulator":{"name":"hub"},"message":"Starting emulators: functions, extensions"}}
[debug] [2024-11-29T00:50:22.939Z] Checked if tokens are valid: true, expires at: 1732842808390
[debug] [2024-11-29T00:50:22.939Z] Checked if tokens are valid: true, expires at: 1732842808390
[debug] [2024-11-29T00:50:22.940Z] >>> [apiv2][query] GET https://cloudresourcemanager.googleapis.com/v1/projects/economiasolidaria-2db35 [none]
[debug] [2024-11-29T00:50:23.832Z] <<< [apiv2][status] GET https://cloudresourcemanager.googleapis.com/v1/projects/economiasolidaria-2db35 200
[debug] [2024-11-29T00:50:23.832Z] <<< [apiv2][body] GET https://cloudresourcemanager.googleapis.com/v1/projects/economiasolidaria-2db35 {"projectNumber":"1030267968737","projectId":"economiasolidaria-2db35","lifecycleState":"ACTIVE","name":"EconomiaSolidaria","labels":{"firebase":"enabled"},"createTime":"2024-11-20T00:34:46.148936Z"}
[debug] [2024-11-29T00:50:23.848Z] [logging] Logging Emulator only supports listening on one address (127.0.0.1). Not listening on ::1
[debug] [2024-11-29T00:50:23.849Z] assigned listening specs for emulators {"user":{"hub":[{"address":"127.0.0.1","family":"IPv4","port":4400},{"address":"::1","family":"IPv6","port":4400}],"ui":[{"address":"127.0.0.1","family":"IPv4","port":4000},{"address":"::1","family":"IPv6","port":4000}],"logging":[{"address":"127.0.0.1","family":"IPv4","port":4500}]},"metadata":{"message":"assigned listening specs for emulators"}}
[debug] [2024-11-29T00:50:23.855Z] [hub] writing locator at C:\Users\DevNoite\AppData\Local\Temp\hub-economiasolidaria-2db35.json
[debug] [2024-11-29T00:50:23.868Z] [Extensions] Started Extensions emulator, this is a noop.
[debug] [2024-11-29T00:50:23.873Z] [functions] Functions Emulator only supports listening on one address (127.0.0.1). Not listening on ::1
[debug] [2024-11-29T00:50:23.873Z] [eventarc] Eventarc Emulator only supports listening on one address (127.0.0.1). Not listening on ::1
[debug] [2024-11-29T00:50:23.873Z] [tasks] Cloud Tasks Emulator only supports listening on one address (127.0.0.1). Not listening on ::1
[debug] [2024-11-29T00:50:23.873Z] late-assigned ports for functions and eventarc emulators {"user":{"hub":[{"address":"127.0.0.1","family":"IPv4","port":4400},{"address":"::1","family":"IPv6","port":4400}],"ui":[{"address":"127.0.0.1","family":"IPv4","port":4000},{"address":"::1","family":"IPv6","port":4000}],"logging":[{"address":"127.0.0.1","family":"IPv4","port":4500}],"functions":[{"address":"127.0.0.1","family":"IPv4","port":5001}],"eventarc":[{"address":"127.0.0.1","family":"IPv4","port":9299}],"tasks":[{"address":"127.0.0.1","family":"IPv4","port":9499}]},"metadata":{"message":"late-assigned ports for functions and eventarc emulators"}}
[warn] !  functions: The following emulators are not running, calls to these services from the Functions emulator will affect production: apphosting, auth, firestore, database, hosting, pubsub, storage, dataconnect {"metadata":{"emulator":{"name":"functions"},"message":"The following emulators are not running, calls to these services from the Functions emulator will affect production: \u001b[1mapphosting, auth, firestore, database, hosting, pubsub, storage, dataconnect\u001b[22m"}}
[debug] [2024-11-29T00:50:23.884Z] defaultcredentials: writing to file C:\Users\DevNoite\AppData\Roaming\firebase\oliveiramarcelo198_gmail_com_application_default_credentials.json
[debug] [2024-11-29T00:50:23.891Z] Setting GAC to C:\Users\DevNoite\AppData\Roaming\firebase\oliveiramarcelo198_gmail_com_application_default_credentials.json {"metadata":{"emulator":{"name":"functions"},"message":"Setting GAC to C:\\Users\\DevNoite\\AppData\\Roaming\\firebase\\oliveiramarcelo198_gmail_com_application_default_credentials.json"}}
[debug] [2024-11-29T00:50:23.892Z] Checked if tokens are valid: true, expires at: 1732842808390
[debug] [2024-11-29T00:50:23.892Z] Checked if tokens are valid: true, expires at: 1732842808390
[debug] [2024-11-29T00:50:23.892Z] >>> [apiv2][query] GET https://firebase.googleapis.com/v1beta1/projects/economiasolidaria-2db35/adminSdkConfig [none]
[debug] [2024-11-29T00:50:24.472Z] <<< [apiv2][status] GET https://firebase.googleapis.com/v1beta1/projects/economiasolidaria-2db35/adminSdkConfig 200
[debug] [2024-11-29T00:50:24.472Z] <<< [apiv2][body] GET https://firebase.googleapis.com/v1beta1/projects/economiasolidaria-2db35/adminSdkConfig {"projectId":"economiasolidaria-2db35","storageBucket":"economiasolidaria-2db35.firebasestorage.app"}
[debug] [2024-11-29T00:50:24.638Z] [Extensions] Connecting Extensions emulator, this is a noop.
[info] i  functions: Watching "C:\Users\DevNoite\Documents\MarceloOliveira\ProjetoFinal\economia-solidaria-frontend\functions" for Cloud Functions... {"metadata":{"emulator":{"name":"functions"},"message":"Watching \"C:\\Users\\DevNoite\\Documents\\MarceloOliveira\\ProjetoFinal\\economia-solidaria-frontend\\functions\" for Cloud Functions..."}}
[debug] [2024-11-29T00:50:24.653Z] Validating nodejs source
[debug] [2024-11-29T00:50:29.281Z] > [functions] package.json contents: {
  "name": "functions",
  "description": "Cloud Functions for Firebase",
  "scripts": {
    "lint": "eslint .",
    "serve": "firebase emulators:start --only functions",
    "shell": "firebase functions:shell",
    "start": "npm run shell",
    "deploy": "firebase deploy --only functions",
    "logs": "firebase functions:log"
  },
  "engines": {
    "node": "20"
  },
  "main": "index.js",
  "dependencies": {
    "axios": "^1.7.8",
    "firebase-admin": "^12.7.0",
    "firebase-functions": "^6.1.1"
  },
  "devDependencies": {
    "eslint": "^8.15.0",
    "eslint-config-google": "^0.14.0",
    "firebase-functions-test": "^3.1.0"
  },
  "private": true
}
[debug] [2024-11-29T00:50:29.281Z] Building nodejs source
[debug] [2024-11-29T00:50:29.282Z] Failed to find version of module node: reached end of search path C:\Users\DevNoite\Documents\MarceloOliveira\ProjetoFinal\economia-solidaria-frontend\functions\node_modules
[info] +  functions: Using node@20 from host. 
[debug] [2024-11-29T00:50:29.288Z] Could not find functions.yaml. Must use http discovery
[debug] [2024-11-29T00:50:29.301Z] Found firebase-functions binary at 'C:\Users\DevNoite\Documents\MarceloOliveira\ProjetoFinal\economia-solidaria-frontend\functions\node_modules\.bin\firebase-functions'
[info] Serving at port 8700

[debug] [2024-11-29T00:50:33.953Z] Got response from /__/functions.yaml {"endpoints":{"getCoordinates":{"availableMemoryMb":null,"timeoutSeconds":null,"minInstances":null,"maxInstances":null,"ingressSettings":null,"concurrency":null,"serviceAccountEmail":null,"vpc":null,"platform":"gcfv2","labels":{},"callableTrigger":{},"entryPoint":"getCoordinates"}},"specVersion":"v1alpha1","requiredAPIs":[],"extensions":{}}
[debug] [2024-11-29T00:50:38.987Z] defaultcredentials: writing to file C:\Users\DevNoite\AppData\Roaming\firebase\oliveiramarcelo198_gmail_com_application_default_credentials.json
[debug] [2024-11-29T00:50:38.992Z] Setting GAC to C:\Users\DevNoite\AppData\Roaming\firebase\oliveiramarcelo198_gmail_com_application_default_credentials.json {"metadata":{"emulator":{"name":"functions"},"message":"Setting GAC to C:\\Users\\DevNoite\\AppData\\Roaming\\firebase\\oliveiramarcelo198_gmail_com_application_default_credentials.json"}}
[info] +  functions: Loaded functions definitions from source: getCoordinates. {"metadata":{"emulator":{"name":"functions"},"message":"Loaded functions definitions from source: getCoordinates."}}
[info] +  functions[us-central1-getCoordinates]: http function initialized (http://127.0.0.1:5001/economiasolidaria-2db35/us-central1/getCoordinates). {"metadata":{"emulator":{"name":"functions"},"message":"\u001b[1mhttp\u001b[22m function initialized (http://127.0.0.1:5001/economiasolidaria-2db35/us-central1/getCoordinates)."}}
[debug] [2024-11-29T00:50:39.006Z] Could not find VSCode notification endpoint: FetchError: request to http://localhost:40001/vscode/notify failed, reason: . If you are not running the Firebase Data Connect VSCode extension, this is expected and not an issue.
[info] 
┌─────────────────────────────────────────────────────────────┐
│ ✔  All emulators ready! It is now safe to connect your app. │
│ i  View Emulator UI at http://127.0.0.1:4000/               │
└─────────────────────────────────────────────────────────────┘

┌────────────┬────────────────┬──────────────────────────────────┐
│ Emulator   │ Host:Port      │ View in Emulator UI              │
├────────────┼────────────────┼──────────────────────────────────┤
│ Functions  │ 127.0.0.1:5001 │ http://127.0.0.1:4000/functions  │
├────────────┼────────────────┼──────────────────────────────────┤
│ Extensions │ 127.0.0.1:5001 │ http://127.0.0.1:4000/extensions │
└────────────┴────────────────┴──────────────────────────────────┘
  Emulator Hub running at 127.0.0.1:4400
  Other reserved ports: 4500
┌─────────────────────────┬───────────────┬─────────────────────┐
│ Extension Instance Name │ Extension Ref │ View in Emulator UI │
└─────────────────────────┴───────────────┴─────────────────────┘
Issues? Report them at https://github.com/firebase/firebase-tools/issues and attach the *-debug.log files.
 
[debug] [2024-11-29T00:56:14.850Z] File C:\Users\DevNoite\Documents\MarceloOliveira\ProjetoFinal\economia-solidaria-frontend\functions\index.js changed, reloading triggers {"metadata":{"emulator":{"name":"functions"},"message":"File C:\\Users\\DevNoite\\Documents\\MarceloOliveira\\ProjetoFinal\\economia-solidaria-frontend\\functions\\index.js changed, reloading triggers"}}
[debug] [2024-11-29T00:56:15.864Z] Validating nodejs source
[debug] [2024-11-29T00:56:18.598Z] > [functions] package.json contents: {
  "name": "functions",
  "description": "Cloud Functions for Firebase",
  "scripts": {
    "lint": "eslint .",
    "serve": "firebase emulators:start --only functions",
    "shell": "firebase functions:shell",
    "start": "npm run shell",
    "deploy": "firebase deploy --only functions",
    "logs": "firebase functions:log"
  },
  "engines": {
    "node": "20"
  },
  "main": "index.js",
  "dependencies": {
    "axios": "^1.7.8",
    "firebase-admin": "^12.7.0",
    "firebase-functions": "^6.1.1"
  },
  "devDependencies": {
    "eslint": "^8.15.0",
    "eslint-config-google": "^0.14.0",
    "firebase-functions-test": "^3.1.0"
  },
  "private": true
}
[debug] [2024-11-29T00:56:18.598Z] Building nodejs source
[debug] [2024-11-29T00:56:18.598Z] Failed to find version of module node: reached end of search path C:\Users\DevNoite\Documents\MarceloOliveira\ProjetoFinal\economia-solidaria-frontend\functions\node_modules
[info] +  functions: Using node@20 from host. 
[debug] [2024-11-29T00:56:18.602Z] Could not find functions.yaml. Must use http discovery
[debug] [2024-11-29T00:56:18.612Z] Found firebase-functions binary at 'C:\Users\DevNoite\Documents\MarceloOliveira\ProjetoFinal\economia-solidaria-frontend\functions\node_modules\.bin\firebase-functions'
[info] Serving at port 8001

[debug] [2024-11-29T00:56:20.137Z] Got response from /__/functions.yaml {"endpoints":{"getCoordinates":{"availableMemoryMb":null,"timeoutSeconds":null,"minInstances":null,"maxInstances":null,"ingressSettings":null,"concurrency":null,"serviceAccountEmail":null,"vpc":null,"platform":"gcfv2","labels":{},"callableTrigger":{},"entryPoint":"getCoordinates"}},"specVersion":"v1alpha1","requiredAPIs":[],"extensions":{}}
[debug] [2024-11-29T00:56:25.165Z] defaultcredentials: writing to file C:\Users\DevNoite\AppData\Roaming\firebase\oliveiramarcelo198_gmail_com_application_default_credentials.json
[debug] [2024-11-29T00:56:25.170Z] Setting GAC to C:\Users\DevNoite\AppData\Roaming\firebase\oliveiramarcelo198_gmail_com_application_default_credentials.json {"metadata":{"emulator":{"name":"functions"},"message":"Setting GAC to C:\\Users\\DevNoite\\AppData\\Roaming\\firebase\\oliveiramarcelo198_gmail_com_application_default_credentials.json"}}
[info] +  functions: Loaded functions definitions from source: getCoordinates. {"metadata":{"emulator":{"name":"functions"},"message":"Loaded functions definitions from source: getCoordinates."}}
